{"C:\\Users\\kailc\\Desktop\\Repo\\springboard\\Assessments\\express-jobly\\app.js": {"path":"C:\\Users\\kailc\\Desktop\\Repo\\springboard\\Assessments\\express-jobly\\app.js","statementMap":{"0":{"start":{"line":5,"column":16},"end":{"line":5,"column":34}},"1":{"start":{"line":6,"column":13},"end":{"line":6,"column":28}},"2":{"start":{"line":8,"column":26},"end":{"line":8,"column":51}},"3":{"start":{"line":10,"column":28},"end":{"line":10,"column":56}},"4":{"start":{"line":11,"column":19},"end":{"line":11,"column":43}},"5":{"start":{"line":12,"column":24},"end":{"line":12,"column":53}},"6":{"start":{"line":13,"column":20},"end":{"line":13,"column":45}},"7":{"start":{"line":15,"column":15},"end":{"line":15,"column":32}},"8":{"start":{"line":17,"column":12},"end":{"line":17,"column":21}},"9":{"start":{"line":19,"column":0},"end":{"line":19,"column":16}},"10":{"start":{"line":20,"column":0},"end":{"line":20,"column":24}},"11":{"start":{"line":21,"column":0},"end":{"line":21,"column":24}},"12":{"start":{"line":22,"column":0},"end":{"line":22,"column":25}},"13":{"start":{"line":24,"column":0},"end":{"line":24,"column":29}},"14":{"start":{"line":25,"column":0},"end":{"line":25,"column":39}},"15":{"start":{"line":26,"column":0},"end":{"line":26,"column":31}},"16":{"start":{"line":30,"column":0},"end":{"line":32,"column":3}},"17":{"start":{"line":31,"column":2},"end":{"line":31,"column":35}},"18":{"start":{"line":35,"column":0},"end":{"line":43,"column":3}},"19":{"start":{"line":36,"column":2},"end":{"line":36,"column":64}},"20":{"start":{"line":36,"column":39},"end":{"line":36,"column":64}},"21":{"start":{"line":37,"column":17},"end":{"line":37,"column":34}},"22":{"start":{"line":38,"column":18},"end":{"line":38,"column":29}},"23":{"start":{"line":40,"column":2},"end":{"line":42,"column":5}},"24":{"start":{"line":45,"column":0},"end":{"line":45,"column":21}}},"fnMap":{"0":{"name":"(anonymous_0)","decl":{"start":{"line":30,"column":8},"end":{"line":30,"column":9}},"loc":{"start":{"line":30,"column":34},"end":{"line":32,"column":1}},"line":30},"1":{"name":"(anonymous_1)","decl":{"start":{"line":35,"column":8},"end":{"line":35,"column":9}},"loc":{"start":{"line":35,"column":39},"end":{"line":43,"column":1}},"line":35}},"branchMap":{"0":{"loc":{"start":{"line":36,"column":2},"end":{"line":36,"column":64}},"type":"if","locations":[{"start":{"line":36,"column":2},"end":{"line":36,"column":64}},{"start":{"line":36,"column":2},"end":{"line":36,"column":64}}],"line":36},"1":{"loc":{"start":{"line":37,"column":17},"end":{"line":37,"column":34}},"type":"binary-expr","locations":[{"start":{"line":37,"column":17},"end":{"line":37,"column":27}},{"start":{"line":37,"column":31},"end":{"line":37,"column":34}}],"line":37}},"s":{"0":4,"1":4,"2":4,"3":4,"4":4,"5":4,"6":4,"7":4,"8":4,"9":4,"10":4,"11":4,"12":4,"13":4,"14":4,"15":4,"16":4,"17":2,"18":4,"19":32,"20":1,"21":32,"22":32,"23":32,"24":4},"f":{"0":2,"1":32},"b":{"0":[1,31],"1":[32,2]},"_coverageSchema":"1a1c01bbd47fc00a2c39e90264f33305004495a9","hash":"c3ad616c5eddda14b1c3b9f158790f126a129581"}
,"C:\\Users\\kailc\\Desktop\\Repo\\springboard\\Assessments\\express-jobly\\config.js": {"path":"C:\\Users\\kailc\\Desktop\\Repo\\springboard\\Assessments\\express-jobly\\config.js","statementMap":{"0":{"start":{"line":5,"column":0},"end":{"line":5,"column":27}},"1":{"start":{"line":6,"column":0},"end":{"line":6,"column":18}},"2":{"start":{"line":8,"column":19},"end":{"line":8,"column":57}},"3":{"start":{"line":10,"column":13},"end":{"line":10,"column":38}},"4":{"start":{"line":14,"column":2},"end":{"line":16,"column":44}},"5":{"start":{"line":22,"column":27},"end":{"line":22,"column":67}},"6":{"start":{"line":24,"column":0},"end":{"line":24,"column":35}},"7":{"start":{"line":25,"column":0},"end":{"line":25,"column":46}},"8":{"start":{"line":26,"column":0},"end":{"line":26,"column":45}},"9":{"start":{"line":27,"column":0},"end":{"line":27,"column":61}},"10":{"start":{"line":28,"column":0},"end":{"line":28,"column":50}},"11":{"start":{"line":29,"column":0},"end":{"line":29,"column":19}},"12":{"start":{"line":31,"column":0},"end":{"line":36,"column":2}}},"fnMap":{"0":{"name":"getDatabaseUri","decl":{"start":{"line":13,"column":9},"end":{"line":13,"column":23}},"loc":{"start":{"line":13,"column":26},"end":{"line":17,"column":1}},"line":13}},"branchMap":{"0":{"loc":{"start":{"line":8,"column":19},"end":{"line":8,"column":57}},"type":"binary-expr","locations":[{"start":{"line":8,"column":19},"end":{"line":8,"column":41}},{"start":{"line":8,"column":45},"end":{"line":8,"column":57}}],"line":8},"1":{"loc":{"start":{"line":10,"column":13},"end":{"line":10,"column":38}},"type":"binary-expr","locations":[{"start":{"line":10,"column":13},"end":{"line":10,"column":30}},{"start":{"line":10,"column":34},"end":{"line":10,"column":38}}],"line":10},"2":{"loc":{"start":{"line":14,"column":9},"end":{"line":16,"column":43}},"type":"cond-expr","locations":[{"start":{"line":15,"column":8},"end":{"line":15,"column":20}},{"start":{"line":16,"column":8},"end":{"line":16,"column":43}}],"line":14},"3":{"loc":{"start":{"line":16,"column":8},"end":{"line":16,"column":43}},"type":"binary-expr","locations":[{"start":{"line":16,"column":8},"end":{"line":16,"column":32}},{"start":{"line":16,"column":36},"end":{"line":16,"column":43}}],"line":16},"4":{"loc":{"start":{"line":22,"column":27},"end":{"line":22,"column":67}},"type":"cond-expr","locations":[{"start":{"line":22,"column":61},"end":{"line":22,"column":62}},{"start":{"line":22,"column":65},"end":{"line":22,"column":67}}],"line":22}},"s":{"0":10,"1":10,"2":10,"3":10,"4":20,"5":10,"6":10,"7":10,"8":10,"9":10,"10":10,"11":10,"12":10},"f":{"0":20},"b":{"0":[10,9],"1":[10,9],"2":[17,3],"3":[3,1],"4":[9,1]},"_coverageSchema":"1a1c01bbd47fc00a2c39e90264f33305004495a9","hash":"24d58fff012e8a0b8e6c794bc2472744ff2b195f"}
,"C:\\Users\\kailc\\Desktop\\Repo\\springboard\\Assessments\\express-jobly\\db.js": {"path":"C:\\Users\\kailc\\Desktop\\Repo\\springboard\\Assessments\\express-jobly\\db.js","statementMap":{"0":{"start":{"line":5,"column":19},"end":{"line":5,"column":32}},"1":{"start":{"line":6,"column":27},"end":{"line":6,"column":46}},"2":{"start":{"line":10,"column":0},"end":{"line":21,"column":1}},"3":{"start":{"line":11,"column":2},"end":{"line":16,"column":5}},"4":{"start":{"line":18,"column":2},"end":{"line":20,"column":5}},"5":{"start":{"line":23,"column":0},"end":{"line":23,"column":13}},"6":{"start":{"line":25,"column":0},"end":{"line":25,"column":20}}},"fnMap":{},"branchMap":{"0":{"loc":{"start":{"line":10,"column":0},"end":{"line":21,"column":1}},"type":"if","locations":[{"start":{"line":10,"column":0},"end":{"line":21,"column":1}},{"start":{"line":10,"column":0},"end":{"line":21,"column":1}}],"line":10}},"s":{"0":7,"1":7,"2":7,"3":0,"4":7,"5":7,"6":7},"f":{},"b":{"0":[0,7]},"_coverageSchema":"1a1c01bbd47fc00a2c39e90264f33305004495a9","hash":"3e75ed681f48abc29f2126d23746f74ecd78bbad"}
,"C:\\Users\\kailc\\Desktop\\Repo\\springboard\\Assessments\\express-jobly\\expressError.js": {"path":"C:\\Users\\kailc\\Desktop\\Repo\\springboard\\Assessments\\express-jobly\\expressError.js","statementMap":{"0":{"start":{"line":9,"column":4},"end":{"line":9,"column":12}},"1":{"start":{"line":10,"column":4},"end":{"line":10,"column":27}},"2":{"start":{"line":11,"column":4},"end":{"line":11,"column":25}},"3":{"start":{"line":19,"column":4},"end":{"line":19,"column":24}},"4":{"start":{"line":27,"column":4},"end":{"line":27,"column":24}},"5":{"start":{"line":35,"column":4},"end":{"line":35,"column":24}},"6":{"start":{"line":43,"column":4},"end":{"line":43,"column":24}},"7":{"start":{"line":47,"column":0},"end":{"line":53,"column":2}}},"fnMap":{"0":{"name":"(anonymous_0)","decl":{"start":{"line":8,"column":2},"end":{"line":8,"column":3}},"loc":{"start":{"line":8,"column":31},"end":{"line":12,"column":3}},"line":8},"1":{"name":"(anonymous_1)","decl":{"start":{"line":18,"column":2},"end":{"line":18,"column":3}},"loc":{"start":{"line":18,"column":37},"end":{"line":20,"column":3}},"line":18},"2":{"name":"(anonymous_2)","decl":{"start":{"line":26,"column":2},"end":{"line":26,"column":3}},"loc":{"start":{"line":26,"column":40},"end":{"line":28,"column":3}},"line":26},"3":{"name":"(anonymous_3)","decl":{"start":{"line":34,"column":2},"end":{"line":34,"column":3}},"loc":{"start":{"line":34,"column":39},"end":{"line":36,"column":3}},"line":34},"4":{"name":"(anonymous_4)","decl":{"start":{"line":42,"column":2},"end":{"line":42,"column":3}},"loc":{"start":{"line":42,"column":39},"end":{"line":44,"column":3}},"line":42}},"branchMap":{"0":{"loc":{"start":{"line":18,"column":14},"end":{"line":18,"column":35}},"type":"default-arg","locations":[{"start":{"line":18,"column":24},"end":{"line":18,"column":35}}],"line":18},"1":{"loc":{"start":{"line":26,"column":14},"end":{"line":26,"column":38}},"type":"default-arg","locations":[{"start":{"line":26,"column":24},"end":{"line":26,"column":38}}],"line":26},"2":{"loc":{"start":{"line":34,"column":14},"end":{"line":34,"column":37}},"type":"default-arg","locations":[{"start":{"line":34,"column":24},"end":{"line":34,"column":37}}],"line":34},"3":{"loc":{"start":{"line":42,"column":14},"end":{"line":42,"column":37}},"type":"default-arg","locations":[{"start":{"line":42,"column":24},"end":{"line":42,"column":37}}],"line":42}},"s":{"0":47,"1":47,"2":47,"3":17,"4":12,"5":18,"6":0,"7":8},"f":{"0":47,"1":17,"2":12,"3":18,"4":0},"b":{"0":[2],"1":[8],"2":[0],"3":[0]},"_coverageSchema":"1a1c01bbd47fc00a2c39e90264f33305004495a9","hash":"11f226ec6035a87be8850528e53d0675a1fe6d96"}
,"C:\\Users\\kailc\\Desktop\\Repo\\springboard\\Assessments\\express-jobly\\helpers\\sql.js": {"path":"C:\\Users\\kailc\\Desktop\\Repo\\springboard\\Assessments\\express-jobly\\helpers\\sql.js","statementMap":{"0":{"start":{"line":1,"column":28},"end":{"line":1,"column":54}},"1":{"start":{"line":6,"column":15},"end":{"line":6,"column":40}},"2":{"start":{"line":7,"column":2},"end":{"line":7,"column":62}},"3":{"start":{"line":7,"column":25},"end":{"line":7,"column":62}},"4":{"start":{"line":10,"column":15},"end":{"line":12,"column":3}},"5":{"start":{"line":11,"column":6},"end":{"line":11,"column":52}},"6":{"start":{"line":14,"column":2},"end":{"line":17,"column":4}},"7":{"start":{"line":20,"column":0},"end":{"line":20,"column":41}}},"fnMap":{"0":{"name":"sqlForPartialUpdate","decl":{"start":{"line":5,"column":9},"end":{"line":5,"column":28}},"loc":{"start":{"line":5,"column":52},"end":{"line":18,"column":1}},"line":5},"1":{"name":"(anonymous_1)","decl":{"start":{"line":10,"column":24},"end":{"line":10,"column":25}},"loc":{"start":{"line":11,"column":6},"end":{"line":11,"column":52}},"line":11}},"branchMap":{"0":{"loc":{"start":{"line":7,"column":2},"end":{"line":7,"column":62}},"type":"if","locations":[{"start":{"line":7,"column":2},"end":{"line":7,"column":62}},{"start":{"line":7,"column":2},"end":{"line":7,"column":62}}],"line":7},"1":{"loc":{"start":{"line":11,"column":10},"end":{"line":11,"column":37}},"type":"binary-expr","locations":[{"start":{"line":11,"column":10},"end":{"line":11,"column":26}},{"start":{"line":11,"column":30},"end":{"line":11,"column":37}}],"line":11}},"s":{"0":7,"1":17,"2":17,"3":3,"4":14,"5":35,"6":14,"7":7},"f":{"0":17,"1":35},"b":{"0":[3,14],"1":[35,20]},"_coverageSchema":"1a1c01bbd47fc00a2c39e90264f33305004495a9","hash":"b3e9b66ec9937e788d4def6e9a72ecf1d7405ba1"}
,"C:\\Users\\kailc\\Desktop\\Repo\\springboard\\Assessments\\express-jobly\\helpers\\tokens.js": {"path":"C:\\Users\\kailc\\Desktop\\Repo\\springboard\\Assessments\\express-jobly\\helpers\\tokens.js","statementMap":{"0":{"start":{"line":1,"column":12},"end":{"line":1,"column":35}},"1":{"start":{"line":2,"column":23},"end":{"line":2,"column":43}},"2":{"start":{"line":7,"column":2},"end":{"line":8,"column":58}},"3":{"start":{"line":10,"column":16},"end":{"line":13,"column":3}},"4":{"start":{"line":15,"column":2},"end":{"line":15,"column":39}},"5":{"start":{"line":18,"column":0},"end":{"line":18,"column":33}}},"fnMap":{"0":{"name":"createToken","decl":{"start":{"line":6,"column":9},"end":{"line":6,"column":20}},"loc":{"start":{"line":6,"column":27},"end":{"line":16,"column":1}},"line":6}},"branchMap":{"0":{"loc":{"start":{"line":12,"column":13},"end":{"line":12,"column":34}},"type":"binary-expr","locations":[{"start":{"line":12,"column":13},"end":{"line":12,"column":25}},{"start":{"line":12,"column":29},"end":{"line":12,"column":34}}],"line":12}},"s":{"0":5,"1":5,"2":10,"3":10,"4":10,"5":5},"f":{"0":10},"b":{"0":[10,8]},"_coverageSchema":"1a1c01bbd47fc00a2c39e90264f33305004495a9","hash":"d5275d0ffca71e51258227f0ac388b00e2d3e4fc"}
,"C:\\Users\\kailc\\Desktop\\Repo\\springboard\\Assessments\\express-jobly\\middleware\\auth.js": {"path":"C:\\Users\\kailc\\Desktop\\Repo\\springboard\\Assessments\\express-jobly\\middleware\\auth.js","statementMap":{"0":{"start":{"line":5,"column":12},"end":{"line":5,"column":35}},"1":{"start":{"line":6,"column":23},"end":{"line":6,"column":43}},"2":{"start":{"line":7,"column":30},"end":{"line":7,"column":56}},"3":{"start":{"line":19,"column":2},"end":{"line":28,"column":3}},"4":{"start":{"line":20,"column":23},"end":{"line":20,"column":63}},"5":{"start":{"line":21,"column":4},"end":{"line":24,"column":5}},"6":{"start":{"line":22,"column":20},"end":{"line":22,"column":64}},"7":{"start":{"line":23,"column":6},"end":{"line":23,"column":54}},"8":{"start":{"line":25,"column":4},"end":{"line":25,"column":18}},"9":{"start":{"line":27,"column":4},"end":{"line":27,"column":18}},"10":{"start":{"line":37,"column":2},"end":{"line":42,"column":3}},"11":{"start":{"line":38,"column":4},"end":{"line":38,"column":56}},"12":{"start":{"line":38,"column":26},"end":{"line":38,"column":56}},"13":{"start":{"line":39,"column":4},"end":{"line":39,"column":18}},"14":{"start":{"line":41,"column":4},"end":{"line":41,"column":21}},"15":{"start":{"line":46,"column":0},"end":{"line":49,"column":2}}},"fnMap":{"0":{"name":"authenticateJWT","decl":{"start":{"line":18,"column":9},"end":{"line":18,"column":24}},"loc":{"start":{"line":18,"column":41},"end":{"line":29,"column":1}},"line":18},"1":{"name":"ensureLoggedIn","decl":{"start":{"line":36,"column":9},"end":{"line":36,"column":23}},"loc":{"start":{"line":36,"column":40},"end":{"line":43,"column":1}},"line":36}},"branchMap":{"0":{"loc":{"start":{"line":20,"column":23},"end":{"line":20,"column":63}},"type":"binary-expr","locations":[{"start":{"line":20,"column":23},"end":{"line":20,"column":34}},{"start":{"line":20,"column":38},"end":{"line":20,"column":63}}],"line":20},"1":{"loc":{"start":{"line":21,"column":4},"end":{"line":24,"column":5}},"type":"if","locations":[{"start":{"line":21,"column":4},"end":{"line":24,"column":5}},{"start":{"line":21,"column":4},"end":{"line":24,"column":5}}],"line":21},"2":{"loc":{"start":{"line":38,"column":4},"end":{"line":38,"column":56}},"type":"if","locations":[{"start":{"line":38,"column":4},"end":{"line":38,"column":56}},{"start":{"line":38,"column":4},"end":{"line":38,"column":56}}],"line":38}},"s":{"0":5,"1":5,"2":5,"3":56,"4":56,"5":56,"6":26,"7":26,"8":55,"9":1,"10":32,"11":32,"12":8,"13":24,"14":8,"15":5},"f":{"0":56,"1":32},"b":{"0":[56,55],"1":[26,30],"2":[8,24]},"_coverageSchema":"1a1c01bbd47fc00a2c39e90264f33305004495a9","hash":"b11a5d5f228227db73cec2b313de56049c1aa370"}
,"C:\\Users\\kailc\\Desktop\\Repo\\springboard\\Assessments\\express-jobly\\models\\_testCommon.js": {"path":"C:\\Users\\kailc\\Desktop\\Repo\\springboard\\Assessments\\express-jobly\\models\\_testCommon.js","statementMap":{"0":{"start":{"line":1,"column":15},"end":{"line":1,"column":32}},"1":{"start":{"line":3,"column":11},"end":{"line":3,"column":30}},"2":{"start":{"line":4,"column":31},"end":{"line":4,"column":51}},"3":{"start":{"line":8,"column":2},"end":{"line":8,"column":42}},"4":{"start":{"line":10,"column":2},"end":{"line":10,"column":38}},"5":{"start":{"line":12,"column":2},"end":{"line":16,"column":55}},"6":{"start":{"line":18,"column":2},"end":{"line":30,"column":9}},"7":{"start":{"line":32,"column":2},"end":{"line":36,"column":41}},"8":{"start":{"line":40,"column":2},"end":{"line":40,"column":26}},"9":{"start":{"line":44,"column":2},"end":{"line":44,"column":29}},"10":{"start":{"line":48,"column":2},"end":{"line":48,"column":17}},"11":{"start":{"line":52,"column":0},"end":{"line":57,"column":2}}},"fnMap":{"0":{"name":"commonBeforeAll","decl":{"start":{"line":6,"column":15},"end":{"line":6,"column":30}},"loc":{"start":{"line":6,"column":33},"end":{"line":37,"column":1}},"line":6},"1":{"name":"commonBeforeEach","decl":{"start":{"line":39,"column":15},"end":{"line":39,"column":31}},"loc":{"start":{"line":39,"column":34},"end":{"line":41,"column":1}},"line":39},"2":{"name":"commonAfterEach","decl":{"start":{"line":43,"column":15},"end":{"line":43,"column":30}},"loc":{"start":{"line":43,"column":33},"end":{"line":45,"column":1}},"line":43},"3":{"name":"commonAfterAll","decl":{"start":{"line":47,"column":15},"end":{"line":47,"column":29}},"loc":{"start":{"line":47,"column":32},"end":{"line":49,"column":1}},"line":47}},"branchMap":{},"s":{"0":3,"1":3,"2":3,"3":3,"4":3,"5":3,"6":3,"7":3,"8":36,"9":36,"10":3,"11":3},"f":{"0":3,"1":36,"2":36,"3":3},"b":{},"_coverageSchema":"1a1c01bbd47fc00a2c39e90264f33305004495a9","hash":"c3cc862bc37173508fac705a186043b9fa6c4675"}
,"C:\\Users\\kailc\\Desktop\\Repo\\springboard\\Assessments\\express-jobly\\models\\company.js": {"path":"C:\\Users\\kailc\\Desktop\\Repo\\springboard\\Assessments\\express-jobly\\models\\company.js","statementMap":{"0":{"start":{"line":3,"column":11},"end":{"line":3,"column":27}},"1":{"start":{"line":4,"column":43},"end":{"line":4,"column":69}},"2":{"start":{"line":5,"column":32},"end":{"line":5,"column":57}},"3":{"start":{"line":20,"column":27},"end":{"line":24,"column":17}},"4":{"start":{"line":26,"column":4},"end":{"line":27,"column":64}},"5":{"start":{"line":27,"column":6},"end":{"line":27,"column":64}},"6":{"start":{"line":29,"column":19},"end":{"line":41,"column":5}},"7":{"start":{"line":42,"column":20},"end":{"line":42,"column":34}},"8":{"start":{"line":44,"column":4},"end":{"line":44,"column":19}},"9":{"start":{"line":53,"column":25},"end":{"line":60,"column":26}},"10":{"start":{"line":61,"column":4},"end":{"line":61,"column":29}},"11":{"start":{"line":80,"column":19},"end":{"line":80,"column":120}},"12":{"start":{"line":84,"column":4},"end":{"line":120,"column":5}},"13":{"start":{"line":85,"column":6},"end":{"line":94,"column":136}},"14":{"start":{"line":86,"column":8},"end":{"line":86,"column":29}},"15":{"start":{"line":87,"column":8},"end":{"line":87,"column":37}},"16":{"start":{"line":88,"column":13},"end":{"line":94,"column":136}},"17":{"start":{"line":89,"column":8},"end":{"line":89,"column":22}},"18":{"start":{"line":90,"column":8},"end":{"line":90,"column":43}},"19":{"start":{"line":91,"column":12},"end":{"line":94,"column":136}},"20":{"start":{"line":92,"column":8},"end":{"line":92,"column":22}},"21":{"start":{"line":93,"column":8},"end":{"line":93,"column":43}},"22":{"start":{"line":94,"column":13},"end":{"line":94,"column":134}},"23":{"start":{"line":95,"column":6},"end":{"line":95,"column":63}},"24":{"start":{"line":96,"column":6},"end":{"line":96,"column":29}},"25":{"start":{"line":97,"column":11},"end":{"line":120,"column":5}},"26":{"start":{"line":98,"column":6},"end":{"line":103,"column":91}},"27":{"start":{"line":99,"column":8},"end":{"line":99,"column":68}},"28":{"start":{"line":101,"column":11},"end":{"line":103,"column":91}},"29":{"start":{"line":102,"column":8},"end":{"line":102,"column":68}},"30":{"start":{"line":103,"column":15},"end":{"line":103,"column":89}},"31":{"start":{"line":104,"column":6},"end":{"line":104,"column":78}},"32":{"start":{"line":105,"column":6},"end":{"line":105,"column":29}},"33":{"start":{"line":106,"column":11},"end":{"line":120,"column":5}},"34":{"start":{"line":107,"column":6},"end":{"line":115,"column":73}},"35":{"start":{"line":108,"column":8},"end":{"line":108,"column":29}},"36":{"start":{"line":109,"column":8},"end":{"line":114,"column":92}},"37":{"start":{"line":110,"column":10},"end":{"line":110,"column":87}},"38":{"start":{"line":112,"column":13},"end":{"line":114,"column":92}},"39":{"start":{"line":113,"column":12},"end":{"line":113,"column":89}},"40":{"start":{"line":114,"column":16},"end":{"line":114,"column":90}},"41":{"start":{"line":115,"column":14},"end":{"line":115,"column":71}},"42":{"start":{"line":116,"column":6},"end":{"line":116,"column":83}},"43":{"start":{"line":117,"column":6},"end":{"line":117,"column":29}},"44":{"start":{"line":119,"column":6},"end":{"line":119,"column":72}},"45":{"start":{"line":132,"column":23},"end":{"line":140,"column":17}},"46":{"start":{"line":142,"column":20},"end":{"line":142,"column":38}},"47":{"start":{"line":144,"column":4},"end":{"line":144,"column":67}},"48":{"start":{"line":144,"column":18},"end":{"line":144,"column":67}},"49":{"start":{"line":146,"column":4},"end":{"line":146,"column":19}},"50":{"start":{"line":162,"column":32},"end":{"line":167,"column":10}},"51":{"start":{"line":168,"column":25},"end":{"line":168,"column":50}},"52":{"start":{"line":170,"column":21},"end":{"line":177,"column":54}},"53":{"start":{"line":178,"column":19},"end":{"line":178,"column":64}},"54":{"start":{"line":179,"column":20},"end":{"line":179,"column":34}},"55":{"start":{"line":181,"column":4},"end":{"line":181,"column":67}},"56":{"start":{"line":181,"column":18},"end":{"line":181,"column":67}},"57":{"start":{"line":183,"column":4},"end":{"line":183,"column":19}},"58":{"start":{"line":192,"column":19},"end":{"line":197,"column":17}},"59":{"start":{"line":198,"column":20},"end":{"line":198,"column":34}},"60":{"start":{"line":200,"column":4},"end":{"line":200,"column":67}},"61":{"start":{"line":200,"column":18},"end":{"line":200,"column":67}},"62":{"start":{"line":205,"column":0},"end":{"line":205,"column":25}}},"fnMap":{"0":{"name":"(anonymous_0)","decl":{"start":{"line":19,"column":2},"end":{"line":19,"column":3}},"loc":{"start":{"line":19,"column":76},"end":{"line":45,"column":3}},"line":19},"1":{"name":"(anonymous_1)","decl":{"start":{"line":52,"column":2},"end":{"line":52,"column":3}},"loc":{"start":{"line":52,"column":25},"end":{"line":62,"column":3}},"line":52},"2":{"name":"(anonymous_2)","decl":{"start":{"line":79,"column":2},"end":{"line":79,"column":3}},"loc":{"start":{"line":79,"column":42},"end":{"line":121,"column":3}},"line":79},"3":{"name":"(anonymous_3)","decl":{"start":{"line":131,"column":2},"end":{"line":131,"column":3}},"loc":{"start":{"line":131,"column":27},"end":{"line":147,"column":3}},"line":131},"4":{"name":"(anonymous_4)","decl":{"start":{"line":161,"column":2},"end":{"line":161,"column":3}},"loc":{"start":{"line":161,"column":36},"end":{"line":184,"column":3}},"line":161},"5":{"name":"(anonymous_5)","decl":{"start":{"line":191,"column":2},"end":{"line":191,"column":3}},"loc":{"start":{"line":191,"column":30},"end":{"line":201,"column":3}},"line":191}},"branchMap":{"0":{"loc":{"start":{"line":26,"column":4},"end":{"line":27,"column":64}},"type":"if","locations":[{"start":{"line":26,"column":4},"end":{"line":27,"column":64}},{"start":{"line":26,"column":4},"end":{"line":27,"column":64}}],"line":26},"1":{"loc":{"start":{"line":84,"column":4},"end":{"line":120,"column":5}},"type":"if","locations":[{"start":{"line":84,"column":4},"end":{"line":120,"column":5}},{"start":{"line":84,"column":4},"end":{"line":120,"column":5}}],"line":84},"2":{"loc":{"start":{"line":85,"column":6},"end":{"line":94,"column":136}},"type":"if","locations":[{"start":{"line":85,"column":6},"end":{"line":94,"column":136}},{"start":{"line":85,"column":6},"end":{"line":94,"column":136}}],"line":85},"3":{"loc":{"start":{"line":88,"column":13},"end":{"line":94,"column":136}},"type":"if","locations":[{"start":{"line":88,"column":13},"end":{"line":94,"column":136}},{"start":{"line":88,"column":13},"end":{"line":94,"column":136}}],"line":88},"4":{"loc":{"start":{"line":91,"column":12},"end":{"line":94,"column":136}},"type":"if","locations":[{"start":{"line":91,"column":12},"end":{"line":94,"column":136}},{"start":{"line":91,"column":12},"end":{"line":94,"column":136}}],"line":91},"5":{"loc":{"start":{"line":97,"column":11},"end":{"line":120,"column":5}},"type":"if","locations":[{"start":{"line":97,"column":11},"end":{"line":120,"column":5}},{"start":{"line":97,"column":11},"end":{"line":120,"column":5}}],"line":97},"6":{"loc":{"start":{"line":98,"column":6},"end":{"line":103,"column":91}},"type":"if","locations":[{"start":{"line":98,"column":6},"end":{"line":103,"column":91}},{"start":{"line":98,"column":6},"end":{"line":103,"column":91}}],"line":98},"7":{"loc":{"start":{"line":98,"column":9},"end":{"line":98,"column":87}},"type":"binary-expr","locations":[{"start":{"line":98,"column":9},"end":{"line":98,"column":34}},{"start":{"line":98,"column":38},"end":{"line":98,"column":63}},{"start":{"line":98,"column":68},"end":{"line":98,"column":87}}],"line":98},"8":{"loc":{"start":{"line":101,"column":11},"end":{"line":103,"column":91}},"type":"if","locations":[{"start":{"line":101,"column":11},"end":{"line":103,"column":91}},{"start":{"line":101,"column":11},"end":{"line":103,"column":91}}],"line":101},"9":{"loc":{"start":{"line":101,"column":14},"end":{"line":101,"column":91}},"type":"binary-expr","locations":[{"start":{"line":101,"column":14},"end":{"line":101,"column":39}},{"start":{"line":101,"column":43},"end":{"line":101,"column":68}},{"start":{"line":101,"column":72},"end":{"line":101,"column":91}}],"line":101},"10":{"loc":{"start":{"line":106,"column":11},"end":{"line":120,"column":5}},"type":"if","locations":[{"start":{"line":106,"column":11},"end":{"line":120,"column":5}},{"start":{"line":106,"column":11},"end":{"line":120,"column":5}}],"line":106},"11":{"loc":{"start":{"line":107,"column":6},"end":{"line":115,"column":73}},"type":"if","locations":[{"start":{"line":107,"column":6},"end":{"line":115,"column":73}},{"start":{"line":107,"column":6},"end":{"line":115,"column":73}}],"line":107},"12":{"loc":{"start":{"line":109,"column":8},"end":{"line":114,"column":92}},"type":"if","locations":[{"start":{"line":109,"column":8},"end":{"line":114,"column":92}},{"start":{"line":109,"column":8},"end":{"line":114,"column":92}}],"line":109},"13":{"loc":{"start":{"line":109,"column":11},"end":{"line":109,"column":88}},"type":"binary-expr","locations":[{"start":{"line":109,"column":11},"end":{"line":109,"column":36}},{"start":{"line":109,"column":40},"end":{"line":109,"column":65}},{"start":{"line":109,"column":69},"end":{"line":109,"column":88}}],"line":109},"14":{"loc":{"start":{"line":112,"column":13},"end":{"line":114,"column":92}},"type":"if","locations":[{"start":{"line":112,"column":13},"end":{"line":114,"column":92}},{"start":{"line":112,"column":13},"end":{"line":114,"column":92}}],"line":112},"15":{"loc":{"start":{"line":112,"column":16},"end":{"line":112,"column":94}},"type":"binary-expr","locations":[{"start":{"line":112,"column":16},"end":{"line":112,"column":41}},{"start":{"line":112,"column":45},"end":{"line":112,"column":70}},{"start":{"line":112,"column":75},"end":{"line":112,"column":94}}],"line":112},"16":{"loc":{"start":{"line":144,"column":4},"end":{"line":144,"column":67}},"type":"if","locations":[{"start":{"line":144,"column":4},"end":{"line":144,"column":67}},{"start":{"line":144,"column":4},"end":{"line":144,"column":67}}],"line":144},"17":{"loc":{"start":{"line":181,"column":4},"end":{"line":181,"column":67}},"type":"if","locations":[{"start":{"line":181,"column":4},"end":{"line":181,"column":67}},{"start":{"line":181,"column":4},"end":{"line":181,"column":67}}],"line":181},"18":{"loc":{"start":{"line":200,"column":4},"end":{"line":200,"column":67}},"type":"if","locations":[{"start":{"line":200,"column":4},"end":{"line":200,"column":67}},{"start":{"line":200,"column":4},"end":{"line":200,"column":67}}],"line":200}},"s":{"0":6,"1":6,"2":6,"3":13,"4":13,"5":1,"6":12,"7":12,"8":12,"9":3,"10":2,"11":8,"12":8,"13":4,"14":1,"15":1,"16":3,"17":1,"18":1,"19":2,"20":1,"21":1,"22":1,"23":3,"24":3,"25":4,"26":3,"27":1,"28":2,"29":1,"30":1,"31":2,"32":2,"33":1,"34":1,"35":1,"36":1,"37":1,"38":0,"39":0,"40":0,"41":0,"42":1,"43":1,"44":0,"45":5,"46":5,"47":5,"48":2,"49":3,"50":6,"51":5,"52":5,"53":5,"54":5,"55":5,"56":2,"57":3,"58":4,"59":4,"60":4,"61":2,"62":6},"f":{"0":13,"1":3,"2":8,"3":5,"4":6,"5":4},"b":{"0":[1,12],"1":[4,4],"2":[1,3],"3":[1,2],"4":[1,1],"5":[3,1],"6":[1,2],"7":[3,2,2],"8":[1,1],"9":[2,1,1],"10":[1,0],"11":[1,0],"12":[1,0],"13":[1,1,1],"14":[0,0],"15":[0,0,0],"16":[2,3],"17":[2,3],"18":[2,2]},"_coverageSchema":"1a1c01bbd47fc00a2c39e90264f33305004495a9","hash":"a2f1c1c1e2ca78e5c2031d8086e6b6afd8827db3"}
,"C:\\Users\\kailc\\Desktop\\Repo\\springboard\\Assessments\\express-jobly\\models\\job.js": {"path":"C:\\Users\\kailc\\Desktop\\Repo\\springboard\\Assessments\\express-jobly\\models\\job.js","statementMap":{"0":{"start":{"line":3,"column":11},"end":{"line":3,"column":27}},"1":{"start":{"line":4,"column":43},"end":{"line":4,"column":69}},"2":{"start":{"line":5,"column":32},"end":{"line":5,"column":57}},"3":{"start":{"line":20,"column":23},"end":{"line":24,"column":51}},"4":{"start":{"line":26,"column":20},"end":{"line":26,"column":34}},"5":{"start":{"line":28,"column":8},"end":{"line":28,"column":19}},"6":{"start":{"line":36,"column":21},"end":{"line":41,"column":10}},"7":{"start":{"line":42,"column":8},"end":{"line":42,"column":25}},"8":{"start":{"line":65,"column":20},"end":{"line":71,"column":16}},"9":{"start":{"line":72,"column":20},"end":{"line":72,"column":31}},"10":{"start":{"line":74,"column":8},"end":{"line":74,"column":68}},"11":{"start":{"line":74,"column":17},"end":{"line":74,"column":68}},"12":{"start":{"line":76,"column":8},"end":{"line":76,"column":19}},"13":{"start":{"line":93,"column":36},"end":{"line":96,"column":14}},"14":{"start":{"line":98,"column":29},"end":{"line":98,"column":54}},"15":{"start":{"line":100,"column":25},"end":{"line":103,"column":97}},"16":{"start":{"line":105,"column":23},"end":{"line":105,"column":64}},"17":{"start":{"line":106,"column":20},"end":{"line":106,"column":34}},"18":{"start":{"line":108,"column":8},"end":{"line":108,"column":69}},"19":{"start":{"line":108,"column":18},"end":{"line":108,"column":69}},"20":{"start":{"line":110,"column":8},"end":{"line":110,"column":19}},"21":{"start":{"line":119,"column":23},"end":{"line":124,"column":16}},"22":{"start":{"line":125,"column":20},"end":{"line":125,"column":34}},"23":{"start":{"line":127,"column":8},"end":{"line":127,"column":69}},"24":{"start":{"line":127,"column":18},"end":{"line":127,"column":69}},"25":{"start":{"line":131,"column":0},"end":{"line":131,"column":21}}},"fnMap":{"0":{"name":"(anonymous_0)","decl":{"start":{"line":19,"column":4},"end":{"line":19,"column":5}},"loc":{"start":{"line":19,"column":64},"end":{"line":29,"column":5}},"line":19},"1":{"name":"(anonymous_1)","decl":{"start":{"line":35,"column":4},"end":{"line":35,"column":5}},"loc":{"start":{"line":35,"column":26},"end":{"line":43,"column":5}},"line":35},"2":{"name":"(anonymous_2)","decl":{"start":{"line":52,"column":3},"end":{"line":52,"column":4}},"loc":{"start":{"line":52,"column":29},"end":{"line":54,"column":4}},"line":52},"3":{"name":"(anonymous_3)","decl":{"start":{"line":64,"column":3},"end":{"line":64,"column":4}},"loc":{"start":{"line":64,"column":23},"end":{"line":77,"column":4}},"line":64},"4":{"name":"(anonymous_4)","decl":{"start":{"line":92,"column":4},"end":{"line":92,"column":5}},"loc":{"start":{"line":92,"column":32},"end":{"line":111,"column":5}},"line":92},"5":{"name":"(anonymous_5)","decl":{"start":{"line":118,"column":4},"end":{"line":118,"column":5}},"loc":{"start":{"line":118,"column":27},"end":{"line":128,"column":5}},"line":118}},"branchMap":{"0":{"loc":{"start":{"line":74,"column":8},"end":{"line":74,"column":68}},"type":"if","locations":[{"start":{"line":74,"column":8},"end":{"line":74,"column":68}},{"start":{"line":74,"column":8},"end":{"line":74,"column":68}}],"line":74},"1":{"loc":{"start":{"line":108,"column":8},"end":{"line":108,"column":69}},"type":"if","locations":[{"start":{"line":108,"column":8},"end":{"line":108,"column":69}},{"start":{"line":108,"column":8},"end":{"line":108,"column":69}}],"line":108},"2":{"loc":{"start":{"line":127,"column":8},"end":{"line":127,"column":69}},"type":"if","locations":[{"start":{"line":127,"column":8},"end":{"line":127,"column":69}},{"start":{"line":127,"column":8},"end":{"line":127,"column":69}}],"line":127}},"s":{"0":1,"1":1,"2":1,"3":1,"4":1,"5":1,"6":1,"7":1,"8":2,"9":2,"10":2,"11":1,"12":1,"13":4,"14":3,"15":3,"16":3,"17":3,"18":3,"19":1,"20":2,"21":2,"22":2,"23":2,"24":1,"25":1},"f":{"0":1,"1":1,"2":0,"3":2,"4":4,"5":2},"b":{"0":[1,1],"1":[1,2],"2":[1,1]},"_coverageSchema":"1a1c01bbd47fc00a2c39e90264f33305004495a9","hash":"f49c89d279e88f917b38737f4574e41eee678d56"}
,"C:\\Users\\kailc\\Desktop\\Repo\\springboard\\Assessments\\express-jobly\\models\\user.js": {"path":"C:\\Users\\kailc\\Desktop\\Repo\\springboard\\Assessments\\express-jobly\\models\\user.js","statementMap":{"0":{"start":{"line":3,"column":11},"end":{"line":3,"column":27}},"1":{"start":{"line":4,"column":15},"end":{"line":4,"column":32}},"2":{"start":{"line":5,"column":32},"end":{"line":5,"column":57}},"3":{"start":{"line":10,"column":4},"end":{"line":10,"column":30}},"4":{"start":{"line":12,"column":31},"end":{"line":12,"column":54}},"5":{"start":{"line":26,"column":19},"end":{"line":36,"column":5}},"6":{"start":{"line":38,"column":17},"end":{"line":38,"column":31}},"7":{"start":{"line":40,"column":4},"end":{"line":47,"column":5}},"8":{"start":{"line":42,"column":22},"end":{"line":42,"column":67}},"9":{"start":{"line":43,"column":6},"end":{"line":46,"column":7}},"10":{"start":{"line":44,"column":8},"end":{"line":44,"column":29}},"11":{"start":{"line":45,"column":8},"end":{"line":45,"column":20}},"12":{"start":{"line":49,"column":4},"end":{"line":49,"column":61}},"13":{"start":{"line":61,"column":27},"end":{"line":66,"column":5}},"14":{"start":{"line":68,"column":4},"end":{"line":70,"column":5}},"15":{"start":{"line":69,"column":6},"end":{"line":69,"column":67}},"16":{"start":{"line":72,"column":27},"end":{"line":72,"column":74}},"17":{"start":{"line":74,"column":19},"end":{"line":92,"column":5}},"18":{"start":{"line":94,"column":17},"end":{"line":94,"column":31}},"19":{"start":{"line":96,"column":4},"end":{"line":96,"column":16}},"20":{"start":{"line":105,"column":19},"end":{"line":113,"column":5}},"21":{"start":{"line":115,"column":4},"end":{"line":115,"column":23}},"22":{"start":{"line":127,"column":20},"end":{"line":136,"column":5}},"23":{"start":{"line":138,"column":17},"end":{"line":138,"column":32}},"24":{"start":{"line":140,"column":4},"end":{"line":140,"column":63}},"25":{"start":{"line":140,"column":15},"end":{"line":140,"column":63}},"26":{"start":{"line":142,"column":4},"end":{"line":142,"column":16}},"27":{"start":{"line":163,"column":4},"end":{"line":165,"column":5}},"28":{"start":{"line":164,"column":6},"end":{"line":164,"column":75}},"29":{"start":{"line":167,"column":32},"end":{"line":173,"column":10}},"30":{"start":{"line":174,"column":27},"end":{"line":174,"column":52}},"31":{"start":{"line":176,"column":21},"end":{"line":183,"column":54}},"32":{"start":{"line":184,"column":19},"end":{"line":184,"column":66}},"33":{"start":{"line":185,"column":17},"end":{"line":185,"column":31}},"34":{"start":{"line":187,"column":4},"end":{"line":187,"column":63}},"35":{"start":{"line":187,"column":15},"end":{"line":187,"column":63}},"36":{"start":{"line":189,"column":4},"end":{"line":189,"column":25}},"37":{"start":{"line":190,"column":4},"end":{"line":190,"column":16}},"38":{"start":{"line":196,"column":17},"end":{"line":202,"column":5}},"39":{"start":{"line":203,"column":17},"end":{"line":203,"column":31}},"40":{"start":{"line":205,"column":4},"end":{"line":205,"column":63}},"41":{"start":{"line":205,"column":15},"end":{"line":205,"column":63}},"42":{"start":{"line":210,"column":0},"end":{"line":210,"column":22}}},"fnMap":{"0":{"name":"(anonymous_0)","decl":{"start":{"line":24,"column":2},"end":{"line":24,"column":3}},"loc":{"start":{"line":24,"column":48},"end":{"line":50,"column":3}},"line":24},"1":{"name":"(anonymous_1)","decl":{"start":{"line":59,"column":2},"end":{"line":59,"column":3}},"loc":{"start":{"line":60,"column":67},"end":{"line":97,"column":3}},"line":60},"2":{"name":"(anonymous_2)","decl":{"start":{"line":104,"column":2},"end":{"line":104,"column":3}},"loc":{"start":{"line":104,"column":25},"end":{"line":116,"column":3}},"line":104},"3":{"name":"(anonymous_3)","decl":{"start":{"line":126,"column":2},"end":{"line":126,"column":3}},"loc":{"start":{"line":126,"column":29},"end":{"line":143,"column":3}},"line":126},"4":{"name":"(anonymous_4)","decl":{"start":{"line":162,"column":2},"end":{"line":162,"column":3}},"loc":{"start":{"line":162,"column":38},"end":{"line":191,"column":3}},"line":162},"5":{"name":"(anonymous_5)","decl":{"start":{"line":195,"column":2},"end":{"line":195,"column":3}},"loc":{"start":{"line":195,"column":32},"end":{"line":206,"column":3}},"line":195}},"branchMap":{"0":{"loc":{"start":{"line":40,"column":4},"end":{"line":47,"column":5}},"type":"if","locations":[{"start":{"line":40,"column":4},"end":{"line":47,"column":5}},{"start":{"line":40,"column":4},"end":{"line":47,"column":5}}],"line":40},"1":{"loc":{"start":{"line":43,"column":6},"end":{"line":46,"column":7}},"type":"if","locations":[{"start":{"line":43,"column":6},"end":{"line":46,"column":7}},{"start":{"line":43,"column":6},"end":{"line":46,"column":7}}],"line":43},"2":{"loc":{"start":{"line":68,"column":4},"end":{"line":70,"column":5}},"type":"if","locations":[{"start":{"line":68,"column":4},"end":{"line":70,"column":5}},{"start":{"line":68,"column":4},"end":{"line":70,"column":5}}],"line":68},"3":{"loc":{"start":{"line":140,"column":4},"end":{"line":140,"column":63}},"type":"if","locations":[{"start":{"line":140,"column":4},"end":{"line":140,"column":63}},{"start":{"line":140,"column":4},"end":{"line":140,"column":63}}],"line":140},"4":{"loc":{"start":{"line":163,"column":4},"end":{"line":165,"column":5}},"type":"if","locations":[{"start":{"line":163,"column":4},"end":{"line":165,"column":5}},{"start":{"line":163,"column":4},"end":{"line":165,"column":5}}],"line":163},"5":{"loc":{"start":{"line":187,"column":4},"end":{"line":187,"column":63}},"type":"if","locations":[{"start":{"line":187,"column":4},"end":{"line":187,"column":63}},{"start":{"line":187,"column":4},"end":{"line":187,"column":63}}],"line":187},"6":{"loc":{"start":{"line":205,"column":4},"end":{"line":205,"column":63}},"type":"if","locations":[{"start":{"line":205,"column":4},"end":{"line":205,"column":63}},{"start":{"line":205,"column":4},"end":{"line":205,"column":63}}],"line":205}},"s":{"0":5,"1":5,"2":5,"3":5,"4":5,"5":7,"6":7,"7":7,"8":4,"9":4,"10":3,"11":3,"12":4,"13":16,"14":16,"15":1,"16":15,"17":15,"18":15,"19":15,"20":3,"21":2,"22":4,"23":4,"24":4,"25":2,"26":2,"27":7,"28":2,"29":7,"30":6,"31":6,"32":6,"33":6,"34":6,"35":2,"36":4,"37":4,"38":4,"39":4,"40":4,"41":2,"42":5},"f":{"0":7,"1":16,"2":3,"3":4,"4":7,"5":4},"b":{"0":[4,3],"1":[3,1],"2":[1,15],"3":[2,2],"4":[2,5],"5":[2,4],"6":[2,2]},"_coverageSchema":"1a1c01bbd47fc00a2c39e90264f33305004495a9","hash":"7f7492717cb993175b5d2d4e07e52eca1b9792f6"}
,"C:\\Users\\kailc\\Desktop\\Repo\\springboard\\Assessments\\express-jobly\\routes\\_testCommon.js": {"path":"C:\\Users\\kailc\\Desktop\\Repo\\springboard\\Assessments\\express-jobly\\routes\\_testCommon.js","statementMap":{"0":{"start":{"line":3,"column":11},"end":{"line":3,"column":30}},"1":{"start":{"line":4,"column":13},"end":{"line":4,"column":38}},"2":{"start":{"line":5,"column":16},"end":{"line":5,"column":44}},"3":{"start":{"line":6,"column":24},"end":{"line":6,"column":52}},"4":{"start":{"line":10,"column":2},"end":{"line":10,"column":38}},"5":{"start":{"line":12,"column":2},"end":{"line":12,"column":42}},"6":{"start":{"line":14,"column":2},"end":{"line":21,"column":9}},"7":{"start":{"line":22,"column":2},"end":{"line":29,"column":9}},"8":{"start":{"line":30,"column":2},"end":{"line":37,"column":9}},"9":{"start":{"line":39,"column":2},"end":{"line":46,"column":5}},"10":{"start":{"line":47,"column":2},"end":{"line":54,"column":5}},"11":{"start":{"line":55,"column":2},"end":{"line":62,"column":5}},"12":{"start":{"line":66,"column":2},"end":{"line":66,"column":26}},"13":{"start":{"line":70,"column":2},"end":{"line":70,"column":29}},"14":{"start":{"line":74,"column":2},"end":{"line":74,"column":17}},"15":{"start":{"line":78,"column":16},"end":{"line":78,"column":63}},"16":{"start":{"line":81,"column":0},"end":{"line":87,"column":2}}},"fnMap":{"0":{"name":"commonBeforeAll","decl":{"start":{"line":8,"column":15},"end":{"line":8,"column":30}},"loc":{"start":{"line":8,"column":33},"end":{"line":63,"column":1}},"line":8},"1":{"name":"commonBeforeEach","decl":{"start":{"line":65,"column":15},"end":{"line":65,"column":31}},"loc":{"start":{"line":65,"column":34},"end":{"line":67,"column":1}},"line":65},"2":{"name":"commonAfterEach","decl":{"start":{"line":69,"column":15},"end":{"line":69,"column":30}},"loc":{"start":{"line":69,"column":33},"end":{"line":71,"column":1}},"line":69},"3":{"name":"commonAfterAll","decl":{"start":{"line":73,"column":15},"end":{"line":73,"column":29}},"loc":{"start":{"line":73,"column":32},"end":{"line":75,"column":1}},"line":73}},"branchMap":{},"s":{"0":3,"1":3,"2":3,"3":3,"4":3,"5":3,"6":3,"7":3,"8":3,"9":3,"10":3,"11":3,"12":51,"13":51,"14":3,"15":3,"16":3},"f":{"0":3,"1":51,"2":51,"3":3},"b":{},"_coverageSchema":"1a1c01bbd47fc00a2c39e90264f33305004495a9","hash":"f7c3c56af61c9044344bb520d1450f0956d34b21"}
,"C:\\Users\\kailc\\Desktop\\Repo\\springboard\\Assessments\\express-jobly\\routes\\auth.js": {"path":"C:\\Users\\kailc\\Desktop\\Repo\\springboard\\Assessments\\express-jobly\\routes\\auth.js","statementMap":{"0":{"start":{"line":5,"column":19},"end":{"line":5,"column":40}},"1":{"start":{"line":7,"column":13},"end":{"line":7,"column":38}},"2":{"start":{"line":8,"column":16},"end":{"line":8,"column":34}},"3":{"start":{"line":9,"column":15},"end":{"line":9,"column":35}},"4":{"start":{"line":10,"column":24},"end":{"line":10,"column":52}},"5":{"start":{"line":11,"column":23},"end":{"line":11,"column":58}},"6":{"start":{"line":12,"column":27},"end":{"line":12,"column":66}},"7":{"start":{"line":13,"column":28},"end":{"line":13,"column":54}},"8":{"start":{"line":22,"column":0},"end":{"line":37,"column":3}},"9":{"start":{"line":23,"column":2},"end":{"line":36,"column":3}},"10":{"start":{"line":24,"column":22},"end":{"line":24,"column":67}},"11":{"start":{"line":25,"column":4},"end":{"line":28,"column":5}},"12":{"start":{"line":26,"column":19},"end":{"line":26,"column":53}},"13":{"start":{"line":26,"column":45},"end":{"line":26,"column":52}},"14":{"start":{"line":27,"column":6},"end":{"line":27,"column":38}},"15":{"start":{"line":30,"column":35},"end":{"line":30,"column":43}},"16":{"start":{"line":31,"column":17},"end":{"line":31,"column":60}},"17":{"start":{"line":32,"column":18},"end":{"line":32,"column":35}},"18":{"start":{"line":33,"column":4},"end":{"line":33,"column":31}},"19":{"start":{"line":35,"column":4},"end":{"line":35,"column":21}},"20":{"start":{"line":49,"column":0},"end":{"line":63,"column":3}},"21":{"start":{"line":50,"column":2},"end":{"line":62,"column":3}},"22":{"start":{"line":51,"column":22},"end":{"line":51,"column":71}},"23":{"start":{"line":52,"column":4},"end":{"line":55,"column":5}},"24":{"start":{"line":53,"column":19},"end":{"line":53,"column":53}},"25":{"start":{"line":53,"column":45},"end":{"line":53,"column":52}},"26":{"start":{"line":54,"column":6},"end":{"line":54,"column":38}},"27":{"start":{"line":57,"column":20},"end":{"line":57,"column":72}},"28":{"start":{"line":58,"column":18},"end":{"line":58,"column":38}},"29":{"start":{"line":59,"column":4},"end":{"line":59,"column":43}},"30":{"start":{"line":61,"column":4},"end":{"line":61,"column":21}},"31":{"start":{"line":66,"column":0},"end":{"line":66,"column":24}}},"fnMap":{"0":{"name":"(anonymous_0)","decl":{"start":{"line":22,"column":22},"end":{"line":22,"column":23}},"loc":{"start":{"line":22,"column":54},"end":{"line":37,"column":1}},"line":22},"1":{"name":"(anonymous_1)","decl":{"start":{"line":26,"column":40},"end":{"line":26,"column":41}},"loc":{"start":{"line":26,"column":45},"end":{"line":26,"column":52}},"line":26},"2":{"name":"(anonymous_2)","decl":{"start":{"line":49,"column":25},"end":{"line":49,"column":26}},"loc":{"start":{"line":49,"column":57},"end":{"line":63,"column":1}},"line":49},"3":{"name":"(anonymous_3)","decl":{"start":{"line":53,"column":40},"end":{"line":53,"column":41}},"loc":{"start":{"line":53,"column":45},"end":{"line":53,"column":52}},"line":53}},"branchMap":{"0":{"loc":{"start":{"line":25,"column":4},"end":{"line":28,"column":5}},"type":"if","locations":[{"start":{"line":25,"column":4},"end":{"line":28,"column":5}},{"start":{"line":25,"column":4},"end":{"line":28,"column":5}}],"line":25},"1":{"loc":{"start":{"line":52,"column":4},"end":{"line":55,"column":5}},"type":"if","locations":[{"start":{"line":52,"column":4},"end":{"line":55,"column":5}},{"start":{"line":52,"column":4},"end":{"line":55,"column":5}}],"line":52}},"s":{"0":4,"1":4,"2":4,"3":4,"4":4,"5":4,"6":4,"7":4,"8":4,"9":5,"10":5,"11":5,"12":2,"13":2,"14":2,"15":3,"16":3,"17":1,"18":1,"19":4,"20":4,"21":3,"22":3,"23":3,"24":2,"25":5,"26":2,"27":1,"28":1,"29":1,"30":2,"31":4},"f":{"0":5,"1":2,"2":3,"3":5},"b":{"0":[2,3],"1":[2,1]},"_coverageSchema":"1a1c01bbd47fc00a2c39e90264f33305004495a9","hash":"e54bde416c86261b6317dbe195567c0e02c996b6"}
,"C:\\Users\\kailc\\Desktop\\Repo\\springboard\\Assessments\\express-jobly\\routes\\companies.js": {"path":"C:\\Users\\kailc\\Desktop\\Repo\\springboard\\Assessments\\express-jobly\\routes\\companies.js","statementMap":{"0":{"start":{"line":5,"column":19},"end":{"line":5,"column":40}},"1":{"start":{"line":6,"column":16},"end":{"line":6,"column":34}},"2":{"start":{"line":8,"column":28},"end":{"line":8,"column":54}},"3":{"start":{"line":9,"column":27},"end":{"line":9,"column":56}},"4":{"start":{"line":10,"column":16},"end":{"line":10,"column":44}},"5":{"start":{"line":12,"column":25},"end":{"line":12,"column":62}},"6":{"start":{"line":13,"column":28},"end":{"line":13,"column":68}},"7":{"start":{"line":15,"column":15},"end":{"line":15,"column":35}},"8":{"start":{"line":27,"column":0},"end":{"line":40,"column":3}},"9":{"start":{"line":28,"column":2},"end":{"line":39,"column":3}},"10":{"start":{"line":29,"column":22},"end":{"line":29,"column":69}},"11":{"start":{"line":30,"column":4},"end":{"line":33,"column":5}},"12":{"start":{"line":31,"column":19},"end":{"line":31,"column":53}},"13":{"start":{"line":31,"column":45},"end":{"line":31,"column":52}},"14":{"start":{"line":32,"column":6},"end":{"line":32,"column":38}},"15":{"start":{"line":35,"column":20},"end":{"line":35,"column":50}},"16":{"start":{"line":36,"column":4},"end":{"line":36,"column":45}},"17":{"start":{"line":38,"column":4},"end":{"line":38,"column":21}},"18":{"start":{"line":53,"column":0},"end":{"line":67,"column":3}},"19":{"start":{"line":54,"column":2},"end":{"line":66,"column":3}},"20":{"start":{"line":55,"column":15},"end":{"line":55,"column":37}},"21":{"start":{"line":56,"column":17},"end":{"line":56,"column":41}},"22":{"start":{"line":58,"column":4},"end":{"line":62,"column":5}},"23":{"start":{"line":59,"column":6},"end":{"line":59,"column":62}},"24":{"start":{"line":61,"column":6},"end":{"line":61,"column":42}},"25":{"start":{"line":63,"column":4},"end":{"line":63,"column":35}},"26":{"start":{"line":65,"column":4},"end":{"line":65,"column":21}},"27":{"start":{"line":77,"column":0},"end":{"line":85,"column":3}},"28":{"start":{"line":78,"column":2},"end":{"line":84,"column":3}},"29":{"start":{"line":79,"column":4},"end":{"line":79,"column":20}},"30":{"start":{"line":80,"column":20},"end":{"line":80,"column":56}},"31":{"start":{"line":81,"column":4},"end":{"line":81,"column":33}},"32":{"start":{"line":83,"column":4},"end":{"line":83,"column":21}},"33":{"start":{"line":98,"column":0},"end":{"line":111,"column":3}},"34":{"start":{"line":99,"column":2},"end":{"line":110,"column":3}},"35":{"start":{"line":100,"column":22},"end":{"line":100,"column":72}},"36":{"start":{"line":101,"column":4},"end":{"line":104,"column":5}},"37":{"start":{"line":102,"column":19},"end":{"line":102,"column":53}},"38":{"start":{"line":102,"column":45},"end":{"line":102,"column":52}},"39":{"start":{"line":103,"column":6},"end":{"line":103,"column":38}},"40":{"start":{"line":106,"column":20},"end":{"line":106,"column":69}},"41":{"start":{"line":107,"column":4},"end":{"line":107,"column":33}},"42":{"start":{"line":109,"column":4},"end":{"line":109,"column":21}},"43":{"start":{"line":118,"column":0},"end":{"line":125,"column":3}},"44":{"start":{"line":119,"column":2},"end":{"line":124,"column":3}},"45":{"start":{"line":120,"column":4},"end":{"line":120,"column":44}},"46":{"start":{"line":121,"column":4},"end":{"line":121,"column":52}},"47":{"start":{"line":123,"column":4},"end":{"line":123,"column":21}},"48":{"start":{"line":128,"column":0},"end":{"line":128,"column":24}}},"fnMap":{"0":{"name":"(anonymous_0)","decl":{"start":{"line":27,"column":33},"end":{"line":27,"column":34}},"loc":{"start":{"line":27,"column":65},"end":{"line":40,"column":1}},"line":27},"1":{"name":"(anonymous_1)","decl":{"start":{"line":31,"column":40},"end":{"line":31,"column":41}},"loc":{"start":{"line":31,"column":45},"end":{"line":31,"column":52}},"line":31},"2":{"name":"(anonymous_2)","decl":{"start":{"line":53,"column":16},"end":{"line":53,"column":17}},"loc":{"start":{"line":53,"column":48},"end":{"line":67,"column":1}},"line":53},"3":{"name":"(anonymous_3)","decl":{"start":{"line":77,"column":23},"end":{"line":77,"column":24}},"loc":{"start":{"line":77,"column":55},"end":{"line":85,"column":1}},"line":77},"4":{"name":"(anonymous_4)","decl":{"start":{"line":98,"column":41},"end":{"line":98,"column":42}},"loc":{"start":{"line":98,"column":73},"end":{"line":111,"column":1}},"line":98},"5":{"name":"(anonymous_5)","decl":{"start":{"line":102,"column":40},"end":{"line":102,"column":41}},"loc":{"start":{"line":102,"column":45},"end":{"line":102,"column":52}},"line":102},"6":{"name":"(anonymous_6)","decl":{"start":{"line":118,"column":42},"end":{"line":118,"column":43}},"loc":{"start":{"line":118,"column":74},"end":{"line":125,"column":1}},"line":118}},"branchMap":{"0":{"loc":{"start":{"line":30,"column":4},"end":{"line":33,"column":5}},"type":"if","locations":[{"start":{"line":30,"column":4},"end":{"line":33,"column":5}},{"start":{"line":30,"column":4},"end":{"line":33,"column":5}}],"line":30},"1":{"loc":{"start":{"line":58,"column":4},"end":{"line":62,"column":5}},"type":"if","locations":[{"start":{"line":58,"column":4},"end":{"line":62,"column":5}},{"start":{"line":58,"column":4},"end":{"line":62,"column":5}}],"line":58},"2":{"loc":{"start":{"line":101,"column":4},"end":{"line":104,"column":5}},"type":"if","locations":[{"start":{"line":101,"column":4},"end":{"line":104,"column":5}},{"start":{"line":101,"column":4},"end":{"line":104,"column":5}}],"line":101}},"s":{"0":4,"1":4,"2":4,"3":4,"4":4,"5":4,"6":4,"7":4,"8":4,"9":3,"10":3,"11":3,"12":2,"13":3,"14":2,"15":1,"16":1,"17":2,"18":4,"19":10,"20":10,"21":10,"22":10,"23":8,"24":2,"25":7,"26":3,"27":4,"28":3,"29":3,"30":3,"31":2,"32":1,"33":4,"34":4,"35":4,"36":4,"37":2,"38":2,"39":2,"40":2,"41":1,"42":3,"43":4,"44":2,"45":2,"46":1,"47":1,"48":4},"f":{"0":3,"1":3,"2":10,"3":3,"4":4,"5":2,"6":2},"b":{"0":[2,1],"1":[8,2],"2":[2,2]},"_coverageSchema":"1a1c01bbd47fc00a2c39e90264f33305004495a9","hash":"751fdbd7da84865de3f3df0a996a98e3fbf4e9fa"}
,"C:\\Users\\kailc\\Desktop\\Repo\\springboard\\Assessments\\express-jobly\\routes\\users.js": {"path":"C:\\Users\\kailc\\Desktop\\Repo\\springboard\\Assessments\\express-jobly\\routes\\users.js","statementMap":{"0":{"start":{"line":5,"column":19},"end":{"line":5,"column":40}},"1":{"start":{"line":7,"column":16},"end":{"line":7,"column":34}},"2":{"start":{"line":8,"column":27},"end":{"line":8,"column":56}},"3":{"start":{"line":9,"column":28},"end":{"line":9,"column":54}},"4":{"start":{"line":10,"column":13},"end":{"line":10,"column":38}},"5":{"start":{"line":11,"column":24},"end":{"line":11,"column":52}},"6":{"start":{"line":12,"column":22},"end":{"line":12,"column":56}},"7":{"start":{"line":13,"column":25},"end":{"line":13,"column":62}},"8":{"start":{"line":15,"column":15},"end":{"line":15,"column":31}},"9":{"start":{"line":30,"column":0},"end":{"line":44,"column":3}},"10":{"start":{"line":31,"column":2},"end":{"line":43,"column":3}},"11":{"start":{"line":32,"column":22},"end":{"line":32,"column":66}},"12":{"start":{"line":33,"column":4},"end":{"line":36,"column":5}},"13":{"start":{"line":34,"column":19},"end":{"line":34,"column":53}},"14":{"start":{"line":34,"column":45},"end":{"line":34,"column":52}},"15":{"start":{"line":35,"column":6},"end":{"line":35,"column":38}},"16":{"start":{"line":38,"column":17},"end":{"line":38,"column":46}},"17":{"start":{"line":39,"column":18},"end":{"line":39,"column":35}},"18":{"start":{"line":40,"column":4},"end":{"line":40,"column":49}},"19":{"start":{"line":42,"column":4},"end":{"line":42,"column":21}},"20":{"start":{"line":54,"column":0},"end":{"line":61,"column":3}},"21":{"start":{"line":55,"column":2},"end":{"line":60,"column":3}},"22":{"start":{"line":56,"column":18},"end":{"line":56,"column":38}},"23":{"start":{"line":57,"column":4},"end":{"line":57,"column":31}},"24":{"start":{"line":59,"column":4},"end":{"line":59,"column":21}},"25":{"start":{"line":71,"column":0},"end":{"line":78,"column":3}},"26":{"start":{"line":72,"column":2},"end":{"line":77,"column":3}},"27":{"start":{"line":73,"column":17},"end":{"line":73,"column":52}},"28":{"start":{"line":74,"column":4},"end":{"line":74,"column":30}},"29":{"start":{"line":76,"column":4},"end":{"line":76,"column":21}},"30":{"start":{"line":91,"column":0},"end":{"line":104,"column":3}},"31":{"start":{"line":92,"column":2},"end":{"line":103,"column":3}},"32":{"start":{"line":93,"column":22},"end":{"line":93,"column":69}},"33":{"start":{"line":94,"column":4},"end":{"line":97,"column":5}},"34":{"start":{"line":95,"column":19},"end":{"line":95,"column":53}},"35":{"start":{"line":95,"column":45},"end":{"line":95,"column":52}},"36":{"start":{"line":96,"column":6},"end":{"line":96,"column":38}},"37":{"start":{"line":99,"column":17},"end":{"line":99,"column":65}},"38":{"start":{"line":100,"column":4},"end":{"line":100,"column":30}},"39":{"start":{"line":102,"column":4},"end":{"line":102,"column":21}},"40":{"start":{"line":112,"column":0},"end":{"line":119,"column":3}},"41":{"start":{"line":113,"column":2},"end":{"line":118,"column":3}},"42":{"start":{"line":114,"column":4},"end":{"line":114,"column":43}},"43":{"start":{"line":115,"column":4},"end":{"line":115,"column":54}},"44":{"start":{"line":117,"column":4},"end":{"line":117,"column":21}},"45":{"start":{"line":122,"column":0},"end":{"line":122,"column":24}}},"fnMap":{"0":{"name":"(anonymous_0)","decl":{"start":{"line":30,"column":33},"end":{"line":30,"column":34}},"loc":{"start":{"line":30,"column":65},"end":{"line":44,"column":1}},"line":30},"1":{"name":"(anonymous_1)","decl":{"start":{"line":34,"column":40},"end":{"line":34,"column":41}},"loc":{"start":{"line":34,"column":45},"end":{"line":34,"column":52}},"line":34},"2":{"name":"(anonymous_2)","decl":{"start":{"line":54,"column":32},"end":{"line":54,"column":33}},"loc":{"start":{"line":54,"column":64},"end":{"line":61,"column":1}},"line":54},"3":{"name":"(anonymous_3)","decl":{"start":{"line":71,"column":41},"end":{"line":71,"column":42}},"loc":{"start":{"line":71,"column":73},"end":{"line":78,"column":1}},"line":71},"4":{"name":"(anonymous_4)","decl":{"start":{"line":91,"column":43},"end":{"line":91,"column":44}},"loc":{"start":{"line":91,"column":75},"end":{"line":104,"column":1}},"line":91},"5":{"name":"(anonymous_5)","decl":{"start":{"line":95,"column":40},"end":{"line":95,"column":41}},"loc":{"start":{"line":95,"column":45},"end":{"line":95,"column":52}},"line":95},"6":{"name":"(anonymous_6)","decl":{"start":{"line":112,"column":44},"end":{"line":112,"column":45}},"loc":{"start":{"line":112,"column":76},"end":{"line":119,"column":1}},"line":112}},"branchMap":{"0":{"loc":{"start":{"line":33,"column":4},"end":{"line":36,"column":5}},"type":"if","locations":[{"start":{"line":33,"column":4},"end":{"line":36,"column":5}},{"start":{"line":33,"column":4},"end":{"line":36,"column":5}}],"line":33},"1":{"loc":{"start":{"line":94,"column":4},"end":{"line":97,"column":5}},"type":"if","locations":[{"start":{"line":94,"column":4},"end":{"line":97,"column":5}},{"start":{"line":94,"column":4},"end":{"line":97,"column":5}}],"line":94}},"s":{"0":4,"1":4,"2":4,"3":4,"4":4,"5":4,"6":4,"7":4,"8":4,"9":4,"10":4,"11":4,"12":4,"13":2,"14":5,"15":2,"16":2,"17":2,"18":2,"19":2,"20":4,"21":2,"22":2,"23":1,"24":1,"25":4,"26":2,"27":2,"28":1,"29":1,"30":4,"31":4,"32":4,"33":4,"34":1,"35":1,"36":1,"37":3,"38":2,"39":2,"40":4,"41":2,"42":2,"43":1,"44":1,"45":4},"f":{"0":4,"1":5,"2":2,"3":2,"4":4,"5":1,"6":2},"b":{"0":[2,2],"1":[1,3]},"_coverageSchema":"1a1c01bbd47fc00a2c39e90264f33305004495a9","hash":"4181d85252ebd5b947c14ce64e65c5b876f49627"}
}
