TN:
SF:app.js
FN:30,(anonymous_0)
FN:35,(anonymous_1)
FNF:2
FNH:2
FNDA:2,(anonymous_0)
FNDA:32,(anonymous_1)
DA:5,4
DA:6,4
DA:8,4
DA:10,4
DA:11,4
DA:12,4
DA:13,4
DA:15,4
DA:17,4
DA:19,4
DA:20,4
DA:21,4
DA:22,4
DA:24,4
DA:25,4
DA:26,4
DA:30,4
DA:31,2
DA:35,4
DA:36,32
DA:37,32
DA:38,32
DA:40,32
DA:45,4
LF:24
LH:24
BRDA:36,0,0,1
BRDA:36,0,1,31
BRDA:37,1,0,32
BRDA:37,1,1,2
BRF:4
BRH:4
end_of_record
TN:
SF:config.js
FN:13,getDatabaseUri
FNF:1
FNH:1
FNDA:20,getDatabaseUri
DA:5,10
DA:6,10
DA:8,10
DA:10,10
DA:14,20
DA:22,10
DA:24,10
DA:25,10
DA:26,10
DA:27,10
DA:28,10
DA:29,10
DA:31,10
LF:13
LH:13
BRDA:8,0,0,10
BRDA:8,0,1,9
BRDA:10,1,0,10
BRDA:10,1,1,9
BRDA:14,2,0,17
BRDA:14,2,1,3
BRDA:16,3,0,3
BRDA:16,3,1,1
BRDA:22,4,0,9
BRDA:22,4,1,1
BRF:10
BRH:10
end_of_record
TN:
SF:db.js
FNF:0
FNH:0
DA:5,7
DA:6,7
DA:10,7
DA:11,0
DA:18,7
DA:23,7
DA:25,7
LF:7
LH:6
BRDA:10,0,0,0
BRDA:10,0,1,7
BRF:2
BRH:1
end_of_record
TN:
SF:expressError.js
FN:8,(anonymous_0)
FN:18,(anonymous_1)
FN:26,(anonymous_2)
FN:34,(anonymous_3)
FN:42,(anonymous_4)
FNF:5
FNH:4
FNDA:47,(anonymous_0)
FNDA:17,(anonymous_1)
FNDA:12,(anonymous_2)
FNDA:18,(anonymous_3)
FNDA:0,(anonymous_4)
DA:9,47
DA:10,47
DA:11,47
DA:19,17
DA:27,12
DA:35,18
DA:43,0
DA:47,8
LF:8
LH:7
BRDA:18,0,0,2
BRDA:26,1,0,8
BRDA:34,2,0,0
BRDA:42,3,0,0
BRF:4
BRH:2
end_of_record
TN:
SF:helpers\sql.js
FN:5,sqlForPartialUpdate
FN:10,(anonymous_1)
FNF:2
FNH:2
FNDA:17,sqlForPartialUpdate
FNDA:35,(anonymous_1)
DA:1,7
DA:6,17
DA:7,17
DA:10,14
DA:11,35
DA:14,14
DA:20,7
LF:7
LH:7
BRDA:7,0,0,3
BRDA:7,0,1,14
BRDA:11,1,0,35
BRDA:11,1,1,20
BRF:4
BRH:4
end_of_record
TN:
SF:helpers\tokens.js
FN:6,createToken
FNF:1
FNH:1
FNDA:10,createToken
DA:1,5
DA:2,5
DA:7,10
DA:10,10
DA:15,10
DA:18,5
LF:6
LH:6
BRDA:12,0,0,10
BRDA:12,0,1,8
BRF:2
BRH:2
end_of_record
TN:
SF:middleware\auth.js
FN:18,authenticateJWT
FN:36,ensureLoggedIn
FNF:2
FNH:2
FNDA:56,authenticateJWT
FNDA:32,ensureLoggedIn
DA:5,5
DA:6,5
DA:7,5
DA:19,56
DA:20,56
DA:21,56
DA:22,26
DA:23,26
DA:25,55
DA:27,1
DA:37,32
DA:38,32
DA:39,24
DA:41,8
DA:46,5
LF:15
LH:15
BRDA:20,0,0,56
BRDA:20,0,1,55
BRDA:21,1,0,26
BRDA:21,1,1,30
BRDA:38,2,0,8
BRDA:38,2,1,24
BRF:6
BRH:6
end_of_record
TN:
SF:models\_testCommon.js
FN:6,commonBeforeAll
FN:39,commonBeforeEach
FN:43,commonAfterEach
FN:47,commonAfterAll
FNF:4
FNH:4
FNDA:3,commonBeforeAll
FNDA:36,commonBeforeEach
FNDA:36,commonAfterEach
FNDA:3,commonAfterAll
DA:1,3
DA:3,3
DA:4,3
DA:8,3
DA:10,3
DA:12,3
DA:18,3
DA:32,3
DA:40,36
DA:44,36
DA:48,3
DA:52,3
LF:12
LH:12
BRF:0
BRH:0
end_of_record
TN:
SF:models\company.js
FN:19,(anonymous_0)
FN:52,(anonymous_1)
FN:79,(anonymous_2)
FN:131,(anonymous_3)
FN:161,(anonymous_4)
FN:191,(anonymous_5)
FNF:6
FNH:6
FNDA:13,(anonymous_0)
FNDA:3,(anonymous_1)
FNDA:8,(anonymous_2)
FNDA:5,(anonymous_3)
FNDA:6,(anonymous_4)
FNDA:4,(anonymous_5)
DA:3,6
DA:4,6
DA:5,6
DA:20,13
DA:26,13
DA:27,1
DA:29,12
DA:42,12
DA:44,12
DA:53,3
DA:61,2
DA:80,8
DA:84,8
DA:85,4
DA:86,1
DA:87,1
DA:88,3
DA:89,1
DA:90,1
DA:91,2
DA:92,1
DA:93,1
DA:94,1
DA:95,3
DA:96,3
DA:97,4
DA:98,3
DA:99,1
DA:101,2
DA:102,1
DA:103,1
DA:104,2
DA:105,2
DA:106,1
DA:107,1
DA:108,1
DA:109,1
DA:110,1
DA:112,0
DA:113,0
DA:114,0
DA:115,0
DA:116,1
DA:117,1
DA:119,0
DA:132,5
DA:142,5
DA:144,5
DA:146,3
DA:162,6
DA:168,5
DA:170,5
DA:178,5
DA:179,5
DA:181,5
DA:183,3
DA:192,4
DA:198,4
DA:200,4
DA:205,6
LF:60
LH:55
BRDA:26,0,0,1
BRDA:26,0,1,12
BRDA:84,1,0,4
BRDA:84,1,1,4
BRDA:85,2,0,1
BRDA:85,2,1,3
BRDA:88,3,0,1
BRDA:88,3,1,2
BRDA:91,4,0,1
BRDA:91,4,1,1
BRDA:97,5,0,3
BRDA:97,5,1,1
BRDA:98,6,0,1
BRDA:98,6,1,2
BRDA:98,7,0,3
BRDA:98,7,1,2
BRDA:98,7,2,2
BRDA:101,8,0,1
BRDA:101,8,1,1
BRDA:101,9,0,2
BRDA:101,9,1,1
BRDA:101,9,2,1
BRDA:106,10,0,1
BRDA:106,10,1,0
BRDA:107,11,0,1
BRDA:107,11,1,0
BRDA:109,12,0,1
BRDA:109,12,1,0
BRDA:109,13,0,1
BRDA:109,13,1,1
BRDA:109,13,2,1
BRDA:112,14,0,0
BRDA:112,14,1,0
BRDA:112,15,0,0
BRDA:112,15,1,0
BRDA:112,15,2,0
BRDA:144,16,0,2
BRDA:144,16,1,3
BRDA:181,17,0,2
BRDA:181,17,1,3
BRDA:200,18,0,2
BRDA:200,18,1,2
BRF:42
BRH:34
end_of_record
TN:
SF:models\job.js
FN:19,(anonymous_0)
FN:35,(anonymous_1)
FN:52,(anonymous_2)
FN:64,(anonymous_3)
FN:92,(anonymous_4)
FN:118,(anonymous_5)
FNF:6
FNH:5
FNDA:1,(anonymous_0)
FNDA:1,(anonymous_1)
FNDA:0,(anonymous_2)
FNDA:2,(anonymous_3)
FNDA:4,(anonymous_4)
FNDA:2,(anonymous_5)
DA:3,1
DA:4,1
DA:5,1
DA:20,1
DA:26,1
DA:28,1
DA:36,1
DA:42,1
DA:65,2
DA:72,2
DA:74,2
DA:76,1
DA:93,4
DA:98,3
DA:100,3
DA:105,3
DA:106,3
DA:108,3
DA:110,2
DA:119,2
DA:125,2
DA:127,2
DA:131,1
LF:23
LH:23
BRDA:74,0,0,1
BRDA:74,0,1,1
BRDA:108,1,0,1
BRDA:108,1,1,2
BRDA:127,2,0,1
BRDA:127,2,1,1
BRF:6
BRH:6
end_of_record
TN:
SF:models\user.js
FN:24,(anonymous_0)
FN:59,(anonymous_1)
FN:104,(anonymous_2)
FN:126,(anonymous_3)
FN:162,(anonymous_4)
FN:195,(anonymous_5)
FNF:6
FNH:6
FNDA:7,(anonymous_0)
FNDA:16,(anonymous_1)
FNDA:3,(anonymous_2)
FNDA:4,(anonymous_3)
FNDA:7,(anonymous_4)
FNDA:4,(anonymous_5)
DA:3,5
DA:4,5
DA:5,5
DA:10,5
DA:12,5
DA:26,7
DA:38,7
DA:40,7
DA:42,4
DA:43,4
DA:44,3
DA:45,3
DA:49,4
DA:61,16
DA:68,16
DA:69,1
DA:72,15
DA:74,15
DA:94,15
DA:96,15
DA:105,3
DA:115,2
DA:127,4
DA:138,4
DA:140,4
DA:142,2
DA:163,7
DA:164,2
DA:167,7
DA:174,6
DA:176,6
DA:184,6
DA:185,6
DA:187,6
DA:189,4
DA:190,4
DA:196,4
DA:203,4
DA:205,4
DA:210,5
LF:40
LH:40
BRDA:40,0,0,4
BRDA:40,0,1,3
BRDA:43,1,0,3
BRDA:43,1,1,1
BRDA:68,2,0,1
BRDA:68,2,1,15
BRDA:140,3,0,2
BRDA:140,3,1,2
BRDA:163,4,0,2
BRDA:163,4,1,5
BRDA:187,5,0,2
BRDA:187,5,1,4
BRDA:205,6,0,2
BRDA:205,6,1,2
BRF:14
BRH:14
end_of_record
TN:
SF:routes\_testCommon.js
FN:8,commonBeforeAll
FN:65,commonBeforeEach
FN:69,commonAfterEach
FN:73,commonAfterAll
FNF:4
FNH:4
FNDA:3,commonBeforeAll
FNDA:51,commonBeforeEach
FNDA:51,commonAfterEach
FNDA:3,commonAfterAll
DA:3,3
DA:4,3
DA:5,3
DA:6,3
DA:10,3
DA:12,3
DA:14,3
DA:22,3
DA:30,3
DA:39,3
DA:47,3
DA:55,3
DA:66,51
DA:70,51
DA:74,3
DA:78,3
DA:81,3
LF:17
LH:17
BRF:0
BRH:0
end_of_record
TN:
SF:routes\auth.js
FN:22,(anonymous_0)
FN:26,(anonymous_1)
FN:49,(anonymous_2)
FN:53,(anonymous_3)
FNF:4
FNH:4
FNDA:5,(anonymous_0)
FNDA:2,(anonymous_1)
FNDA:3,(anonymous_2)
FNDA:5,(anonymous_3)
DA:5,4
DA:7,4
DA:8,4
DA:9,4
DA:10,4
DA:11,4
DA:12,4
DA:13,4
DA:22,4
DA:23,5
DA:24,5
DA:25,5
DA:26,2
DA:27,2
DA:30,3
DA:31,3
DA:32,1
DA:33,1
DA:35,4
DA:49,4
DA:50,3
DA:51,3
DA:52,3
DA:53,5
DA:54,2
DA:57,1
DA:58,1
DA:59,1
DA:61,2
DA:66,4
LF:30
LH:30
BRDA:25,0,0,2
BRDA:25,0,1,3
BRDA:52,1,0,2
BRDA:52,1,1,1
BRF:4
BRH:4
end_of_record
TN:
SF:routes\companies.js
FN:27,(anonymous_0)
FN:31,(anonymous_1)
FN:53,(anonymous_2)
FN:77,(anonymous_3)
FN:98,(anonymous_4)
FN:102,(anonymous_5)
FN:118,(anonymous_6)
FNF:7
FNH:7
FNDA:3,(anonymous_0)
FNDA:3,(anonymous_1)
FNDA:10,(anonymous_2)
FNDA:3,(anonymous_3)
FNDA:4,(anonymous_4)
FNDA:2,(anonymous_5)
FNDA:2,(anonymous_6)
DA:5,4
DA:6,4
DA:8,4
DA:9,4
DA:10,4
DA:12,4
DA:13,4
DA:15,4
DA:27,4
DA:28,3
DA:29,3
DA:30,3
DA:31,3
DA:32,2
DA:35,1
DA:36,1
DA:38,2
DA:53,4
DA:54,10
DA:55,10
DA:56,10
DA:58,10
DA:59,8
DA:61,2
DA:63,7
DA:65,3
DA:77,4
DA:78,3
DA:79,3
DA:80,3
DA:81,2
DA:83,1
DA:98,4
DA:99,4
DA:100,4
DA:101,4
DA:102,2
DA:103,2
DA:106,2
DA:107,1
DA:109,3
DA:118,4
DA:119,2
DA:120,2
DA:121,1
DA:123,1
DA:128,4
LF:47
LH:47
BRDA:30,0,0,2
BRDA:30,0,1,1
BRDA:58,1,0,8
BRDA:58,1,1,2
BRDA:101,2,0,2
BRDA:101,2,1,2
BRF:6
BRH:6
end_of_record
TN:
SF:routes\users.js
FN:30,(anonymous_0)
FN:34,(anonymous_1)
FN:54,(anonymous_2)
FN:71,(anonymous_3)
FN:91,(anonymous_4)
FN:95,(anonymous_5)
FN:112,(anonymous_6)
FNF:7
FNH:7
FNDA:4,(anonymous_0)
FNDA:5,(anonymous_1)
FNDA:2,(anonymous_2)
FNDA:2,(anonymous_3)
FNDA:4,(anonymous_4)
FNDA:1,(anonymous_5)
FNDA:2,(anonymous_6)
DA:5,4
DA:7,4
DA:8,4
DA:9,4
DA:10,4
DA:11,4
DA:12,4
DA:13,4
DA:15,4
DA:30,4
DA:31,4
DA:32,4
DA:33,4
DA:34,5
DA:35,2
DA:38,2
DA:39,2
DA:40,2
DA:42,2
DA:54,4
DA:55,2
DA:56,2
DA:57,1
DA:59,1
DA:71,4
DA:72,2
DA:73,2
DA:74,1
DA:76,1
DA:91,4
DA:92,4
DA:93,4
DA:94,4
DA:95,1
DA:96,1
DA:99,3
DA:100,2
DA:102,2
DA:112,4
DA:113,2
DA:114,2
DA:115,1
DA:117,1
DA:122,4
LF:44
LH:44
BRDA:33,0,0,2
BRDA:33,0,1,2
BRDA:94,1,0,1
BRDA:94,1,1,3
BRF:4
BRH:4
end_of_record
